[    0.000000] Linux version 4.15.0-159-generic (buildd@lgw01-amd64-055) (gcc version 7.5.0 (Ubuntu 7.5.0-3ubuntu1~18.04)) #167-Ubuntu SMP Tue Sep 21 08:55:05 UTC 2021 (Ubuntu 4.15.0-159.167-generic 4.15.18)
[    0.000000] Command line: BOOT_IMAGE=/boot/vmlinuz-4.15.0-159-generic root=LABEL=cloudimg-rootfs ro console=tty1 console=ttyS0
[    0.000000] KERNEL supported cpus:
[    0.000000]   Intel GenuineIntel
[    0.000000]   AMD AuthenticAMD
[    0.000000]   Centaur CentaurHauls
[    0.000000] x86/fpu: Supporting XSAVE feature 0x001: 'x87 floating point registers'
[    0.000000] x86/fpu: Supporting XSAVE feature 0x002: 'SSE registers'
[    0.000000] x86/fpu: Supporting XSAVE feature 0x004: 'AVX registers'
[    0.000000] x86/fpu: xstate_offset[2]:  576, xstate_sizes[2]:  256
[    0.000000] x86/fpu: Enabled xstate features 0x7, context size is 832 bytes, using 'standard' format.
[    0.000000] e820: BIOS-provided physical RAM map:
[    0.000000] BIOS-e820: [mem 0x0000000000000000-0x000000000009fbff] usable
[    0.000000] BIOS-e820: [mem 0x000000000009fc00-0x000000000009ffff] reserved
[    0.000000] BIOS-e820: [mem 0x00000000000f0000-0x00000000000fffff] reserved
[    0.000000] BIOS-e820: [mem 0x0000000000100000-0x00000000dffeffff] usable
[    0.000000] BIOS-e820: [mem 0x00000000dfff0000-0x00000000dfffffff] ACPI data
[    0.000000] BIOS-e820: [mem 0x00000000fec00000-0x00000000fec00fff] reserved
[    0.000000] BIOS-e820: [mem 0x00000000fee00000-0x00000000fee00fff] reserved
[    0.000000] BIOS-e820: [mem 0x00000000fffc0000-0x00000000ffffffff] reserved
[    0.000000] BIOS-e820: [mem 0x0000000100000000-0x000000011fffffff] usable
[    0.000000] NX (Execute Disable) protection: active
[    0.000000] SMBIOS 2.5 present.
[    0.000000] DMI: innotek GmbH VirtualBox/VirtualBox, BIOS VirtualBox 12/01/2006
[    0.000000] Hypervisor detected: KVM
[    0.000000] e820: last_pfn = 0x120000 max_arch_pfn = 0x400000000
[    0.000000] MTRR: Disabled
[    0.000000] x86/PAT: MTRRs disabled, skipping PAT initialization too.
[    0.000000] CPU MTRRs all blank - virtualized system.
[    0.000000] x86/PAT: Configuration [0-7]: WB  WT  UC- UC  WB  WT  UC- UC  
[    0.000000] e820: last_pfn = 0xdfff0 max_arch_pfn = 0x400000000
[    0.000000] found SMP MP-table at [mem 0x0009fff0-0x0009ffff]
[    0.000000] Scanning 1 areas for low memory corruption
[    0.000000] RAMDISK: [mem 0x359cb000-0x36cdcfff]
[    0.000000] ACPI: Early table checksum verification disabled
[    0.000000] ACPI: RSDP 0x00000000000E0000 000024 (v02 VBOX  )
[    0.000000] ACPI: XSDT 0x00000000DFFF0030 00003C (v01 VBOX   VBOXXSDT 00000001 ASL  00000061)
[    0.000000] ACPI: FACP 0x00000000DFFF00F0 0000F4 (v04 VBOX   VBOXFACP 00000001 ASL  00000061)
[    0.000000] ACPI: DSDT 0x00000000DFFF0470 002325 (v02 VBOX   VBOXBIOS 00000002 INTL 20190509)
[    0.000000] ACPI: FACS 0x00000000DFFF0200 000040
[    0.000000] ACPI: FACS 0x00000000DFFF0200 000040
[    0.000000] ACPI: APIC 0x00000000DFFF0240 00005C (v02 VBOX   VBOXAPIC 00000001 ASL  00000061)
[    0.000000] ACPI: SSDT 0x00000000DFFF02A0 0001CC (v01 VBOX   VBOXCPUT 00000002 INTL 20190509)
[    0.000000] ACPI: Reserving FACP table memory at [mem 0xdfff00f0-0xdfff01e3]
[    0.000000] ACPI: Reserving DSDT table memory at [mem 0xdfff0470-0xdfff2794]
[    0.000000] ACPI: Reserving FACS table memory at [mem 0xdfff0200-0xdfff023f]
[    0.000000] ACPI: Reserving FACS table memory at [mem 0xdfff0200-0xdfff023f]
[    0.000000] ACPI: Reserving APIC table memory at [mem 0xdfff0240-0xdfff029b]
[    0.000000] ACPI: Reserving SSDT table memory at [mem 0xdfff02a0-0xdfff046b]
[    0.000000] No NUMA configuration found
[    0.000000] Faking a node at [mem 0x0000000000000000-0x000000011fffffff]
[    0.000000] NODE_DATA(0) allocated [mem 0x11ffd1000-0x11fffbfff]
[    0.000000] kvm-clock: cpu 0, msr 1:1ff50001, primary cpu clock
[    0.000000] kvm-clock: Using msrs 4b564d01 and 4b564d00
[    0.000000] kvm-clock: using sched offset of 3699656284 cycles
[    0.000000] clocksource: kvm-clock: mask: 0xffffffffffffffff max_cycles: 0x1cd42e4dffb, max_idle_ns: 881590591483 ns
[    0.000000] Zone ranges:
[    0.000000]   DMA      [mem 0x0000000000001000-0x0000000000ffffff]
[    0.000000]   DMA32    [mem 0x0000000001000000-0x00000000ffffffff]
[    0.000000]   Normal   [mem 0x0000000100000000-0x000000011fffffff]
[    0.000000]   Device   empty
[    0.000000] Movable zone start for each node
[    0.000000] Early memory node ranges
[    0.000000]   node   0: [mem 0x0000000000001000-0x000000000009efff]
[    0.000000]   node   0: [mem 0x0000000000100000-0x00000000dffeffff]
[    0.000000]   node   0: [mem 0x0000000100000000-0x000000011fffffff]
[    0.000000] Reserved but unavailable: 104 pages
[    0.000000] Initmem setup node 0 [mem 0x0000000000001000-0x000000011fffffff]
[    0.000000] ACPI: PM-Timer IO Port: 0x4008
[    0.000000] IOAPIC[0]: apic_id 2, version 32, address 0xfec00000, GSI 0-23
[    0.000000] ACPI: INT_SRC_OVR (bus 0 bus_irq 0 global_irq 2 dfl dfl)
[    0.000000] ACPI: INT_SRC_OVR (bus 0 bus_irq 9 global_irq 9 low level)
[    0.000000] Using ACPI (MADT) for SMP configuration information
[    0.000000] smpboot: Allowing 2 CPUs, 0 hotplug CPUs
[    0.000000] PM: Registered nosave memory: [mem 0x00000000-0x00000fff]
[    0.000000] PM: Registered nosave memory: [mem 0x0009f000-0x0009ffff]
[    0.000000] PM: Registered nosave memory: [mem 0x000a0000-0x000effff]
[    0.000000] PM: Registered nosave memory: [mem 0x000f0000-0x000fffff]
[    0.000000] PM: Registered nosave memory: [mem 0xdfff0000-0xdfffffff]
[    0.000000] PM: Registered nosave memory: [mem 0xe0000000-0xfebfffff]
[    0.000000] PM: Registered nosave memory: [mem 0xfec00000-0xfec00fff]
[    0.000000] PM: Registered nosave memory: [mem 0xfec01000-0xfedfffff]
[    0.000000] PM: Registered nosave memory: [mem 0xfee00000-0xfee00fff]
[    0.000000] PM: Registered nosave memory: [mem 0xfee01000-0xfffbffff]
[    0.000000] PM: Registered nosave memory: [mem 0xfffc0000-0xffffffff]
[    0.000000] e820: [mem 0xe0000000-0xfebfffff] available for PCI devices
[    0.000000] Booting paravirtualized kernel on KVM
[    0.000000] clocksource: refined-jiffies: mask: 0xffffffff max_cycles: 0xffffffff, max_idle_ns: 7645519600211568 ns
[    0.000000] random: get_random_bytes called from start_kernel+0x99/0x500 with crng_init=0
[    0.000000] setup_percpu: NR_CPUS:8192 nr_cpumask_bits:2 nr_cpu_ids:2 nr_node_ids:1
[    0.000000] percpu: Embedded 45 pages/cpu s147456 r8192 d28672 u1048576
[    0.000000] PV qspinlock hash table entries: 256 (order: 0, 4096 bytes)
[    0.000000] Built 1 zonelists, mobility grouping on.  Total pages: 1032057
[    0.000000] Policy zone: Normal
[    0.000000] Kernel command line: BOOT_IMAGE=/boot/vmlinuz-4.15.0-159-generic root=LABEL=cloudimg-rootfs ro console=tty1 console=ttyS0
[    0.000000] Memory: 4013316K/4193848K available (12300K kernel code, 2483K rwdata, 4320K rodata, 2448K init, 2724K bss, 180532K reserved, 0K cma-reserved)
[    0.000000] SLUB: HWalign=64, Order=0-3, MinObjects=0, CPUs=2, Nodes=1
[    0.000000] Kernel/User page tables isolation: enabled
[    0.000000] ftrace: allocating 39471 entries in 155 pages
[    0.004000] Hierarchical RCU implementation.
[    0.004000] 	RCU restricting CPUs from NR_CPUS=8192 to nr_cpu_ids=2.
[    0.004000] 	Tasks RCU enabled.
[    0.004000] RCU: Adjusting geometry for rcu_fanout_leaf=16, nr_cpu_ids=2
[    0.004000] NR_IRQS: 524544, nr_irqs: 440, preallocated irqs: 16
[    0.004000] Console: colour VGA+ 80x25
[    0.004000] console [tty1] enabled
[    0.004000] console [ttyS0] enabled
[    0.004000] ACPI: Core revision 20170831
[    0.004000] ACPI: 2 ACPI AML tables successfully acquired and loaded
[    0.004000] APIC: Switch to symmetric I/O mode setup
[    0.004000] x2apic enabled
[    0.004000] Switched APIC routing to physical x2apic.
[    0.004000] ..TIMER: vector=0x30 apic1=0 pin1=2 apic2=-1 pin2=-1
[    0.004005] tsc: Detected 2699.926 MHz processor
[    0.005080] Calibrating delay loop (skipped) preset value.. 5399.85 BogoMIPS (lpj=10799704)
[    0.008004] pid_max: default: 32768 minimum: 301
[    0.009148] Security Framework initialized
[    0.010117] Yama: becoming mindful.
[    0.012028] AppArmor: AppArmor initialized
[    0.015203] Dentry cache hash table entries: 524288 (order: 10, 4194304 bytes)
[    0.017143] Inode-cache hash table entries: 262144 (order: 9, 2097152 bytes)
[    0.020021] Mount-cache hash table entries: 8192 (order: 4, 65536 bytes)
[    0.021549] Mountpoint-cache hash table entries: 8192 (order: 4, 65536 bytes)
[    0.023542] Last level iTLB entries: 4KB 512, 2MB 8, 4MB 8
[    0.024004] Last level dTLB entries: 4KB 512, 2MB 32, 4MB 32, 1GB 0
[    0.025448] Spectre V1 : Mitigation: usercopy/swapgs barriers and __user pointer sanitization
[    0.028004] Spectre V2 : Mitigation: Full generic retpoline
[    0.029277] Spectre V2 : Spectre v2 / SpectreRSB mitigation: Filling RSB on context switch
[    0.031168] Speculative Store Bypass: Vulnerable
[    0.032063] MDS: Mitigation: Clear CPU buffers
[    0.033338] Freeing SMP alternatives memory: 36K
[    0.145243] smpboot: CPU0: Intel(R) Xeon(R) CPU E5-2680 0 @ 2.70GHz (family: 0x6, model: 0x2d, stepping: 0x7)
[    0.147565] Performance Events: unsupported p6 CPU model 45 no PMU driver, software events only.
[    0.148057] Hierarchical SRCU implementation.
[    0.149821] NMI watchdog: Perf event create on CPU 0 failed with -2
[    0.151231] NMI watchdog: Perf NMI watchdog permanently disabled
[    0.152065] smp: Bringing up secondary CPUs ...
[    0.154171] x86: Booting SMP configuration:
[    0.156004] .... node  #0, CPUs:      #1
[    0.004000] kvm-clock: cpu 1, msr 1:1ff50041, secondary cpu clock
[    0.160039] smp: Brought up 1 node, 2 CPUs
[    0.161163] smpboot: Max logical packages: 1
[    0.162099] smpboot: Total of 2 processors activated (10799.70 BogoMIPS)
[    0.164346] devtmpfs: initialized
[    0.164965] x86/mm: Memory block size: 128MB
[    0.166367] evm: security.selinux
[    0.168005] evm: security.SMACK64
[    0.168805] evm: security.SMACK64EXEC
[    0.169682] evm: security.SMACK64TRANSMUTE
[    0.170599] evm: security.SMACK64MMAP
[    0.172005] evm: security.apparmor
[    0.172895] evm: security.ima
[    0.173663] evm: security.capability
[    0.174604] clocksource: jiffies: mask: 0xffffffff max_cycles: 0xffffffff, max_idle_ns: 7645041785100000 ns
[    0.176018] futex hash table entries: 512 (order: 3, 32768 bytes)
[    0.177409] pinctrl core: initialized pinctrl subsystem
[    0.178825] RTC time:  1:08:24, date: 10/29/21
[    0.180269] NET: Registered protocol family 16
[    0.181509] audit: initializing netlink subsys (disabled)
[    0.182784] audit: type=2000 audit(1635469709.445:1): state=initialized audit_enabled=0 res=1
[    0.184030] cpuidle: using governor ladder
[    0.185063] cpuidle: using governor menu
[    0.186030] ACPI: bus type PCI registered
[    0.188005] acpiphp: ACPI Hot Plug PCI Controller Driver version: 0.5
[    0.189563] PCI: Using configuration type 1 for base access
[    0.193070] HugeTLB registered 2.00 MiB page size, pre-allocated 0 pages
[    0.193622] ACPI: Added _OSI(Module Device)
[    0.196008] ACPI: Added _OSI(Processor Device)
[    0.197022] ACPI: Added _OSI(3.0 _SCP Extensions)
[    0.198177] ACPI: Added _OSI(Processor Aggregator Device)
[    0.200011] ACPI: Added _OSI(Linux-Dell-Video)
[    0.201070] ACPI: Added _OSI(Linux-Lenovo-NV-HDMI-Audio)
[    0.202241] ACPI: Added _OSI(Linux-HPI-Hybrid-Graphics)
[    0.204000] ACPI: Executed 1 blocks of module-level executable AML code
[    0.211473] ACPI: Interpreter enabled
[    0.212018] ACPI: (supports S0 S5)
[    0.212880] ACPI: Using IOAPIC for interrupt routing
[    0.214330] PCI: Using host bridge windows from ACPI; if necessary, use "pci=nocrs" and report a bug
[    0.216196] ACPI: Enabled 2 GPEs in block 00 to 07
[    0.225645] ACPI: PCI Root Bridge [PCI0] (domain 0000 [bus 00-ff])
[    0.227748] acpi PNP0A03:00: _OSC: OS supports [ASPM ClockPM Segments MSI]
[    0.228603] acpi PNP0A03:00: _OSC: not requesting OS control; OS requires [ExtendedConfig ASPM ClockPM MSI]
[    0.230763] acpi PNP0A03:00: fail to add MMCONFIG information, can't access extended PCI configuration space under this bridge.
[    0.232511] PCI host bridge to bus 0000:00
[    0.233520] pci_bus 0000:00: root bus resource [io  0x0000-0x0cf7 window]
[    0.236005] pci_bus 0000:00: root bus resource [io  0x0d00-0xffff window]
[    0.237536] pci_bus 0000:00: root bus resource [mem 0x000a0000-0x000bffff window]
[    0.240004] pci_bus 0000:00: root bus resource [mem 0xe0000000-0xfdffffff window]
[    0.241657] pci_bus 0000:00: root bus resource [bus 00-ff]
[    0.245915] pci 0000:00:01.1: legacy IDE quirk: reg 0x10: [io  0x01f0-0x01f7]
[    0.247474] pci 0000:00:01.1: legacy IDE quirk: reg 0x14: [io  0x03f6]
[    0.248005] pci 0000:00:01.1: legacy IDE quirk: reg 0x18: [io  0x0170-0x0177]
[    0.249602] pci 0000:00:01.1: legacy IDE quirk: reg 0x1c: [io  0x0376]
[    0.293001] pci 0000:00:07.0: quirk: [io  0x4000-0x403f] claimed by PIIX4 ACPI
[    0.295818] pci 0000:00:07.0: quirk: [io  0x4100-0x410f] claimed by PIIX4 SMB
[    0.324559] ACPI: PCI Interrupt Link [LNKA] (IRQs 5 9 10 *11)
[    0.327455] ACPI: PCI Interrupt Link [LNKB] (IRQs 5 9 *10 11)
[    0.328242] ACPI: PCI Interrupt Link [LNKC] (IRQs 5 *9 10 11)
[    0.332163] ACPI: PCI Interrupt Link [LNKD] (IRQs 5 9 10 *11)
[    0.334942] SCSI subsystem initialized
[    0.336081] pci 0000:00:02.0: vgaarb: setting as boot VGA device
[    0.337488] pci 0000:00:02.0: vgaarb: VGA device added: decodes=io+mem,owns=io+mem,locks=none
[    0.339426] pci 0000:00:02.0: vgaarb: bridge control possible
[    0.340005] vgaarb: loaded
[    0.340737] ACPI: bus type USB registered
[    0.341710] usbcore: registered new interface driver usbfs
[    0.344015] usbcore: registered new interface driver hub
[    0.345240] usbcore: registered new device driver usb
[    0.346503] EDAC MC: Ver: 3.0.0
[    0.348047] PCI: Using ACPI for IRQ routing
[    0.349407] NetLabel: Initializing
[    0.350258] NetLabel:  domain hash size = 128
[    0.351255] NetLabel:  protocols = UNLABELED CIPSOv4 CALIPSO
[    0.352031] NetLabel:  unlabeled traffic allowed by default
[    0.353311] clocksource: Switched to clocksource kvm-clock
[    0.368438] VFS: Disk quotas dquot_6.6.0
[    0.369415] VFS: Dquot-cache hash table entries: 512 (order 0, 4096 bytes)
[    0.371128] AppArmor: AppArmor Filesystem Enabled
[    0.372326] pnp: PnP ACPI init
[    0.374375] pnp: PnP ACPI: found 3 devices
[    0.386068] clocksource: acpi_pm: mask: 0xffffff max_cycles: 0xffffff, max_idle_ns: 2085701024 ns
[    0.388253] NET: Registered protocol family 2
[    0.389489] IP idents hash table entries: 65536 (order: 7, 524288 bytes)
[    0.391713] TCP established hash table entries: 32768 (order: 6, 262144 bytes)
[    0.393522] TCP bind hash table entries: 32768 (order: 7, 524288 bytes)
[    0.395067] TCP: Hash tables configured (established 32768 bind 32768)
[    0.397484] UDP hash table entries: 2048 (order: 4, 65536 bytes)
[    0.398912] UDP-Lite hash table entries: 2048 (order: 4, 65536 bytes)
[    0.400456] NET: Registered protocol family 1
[    0.401504] pci 0000:00:00.0: Limiting direct PCI/PCI transfers
[    0.402911] pci 0000:00:01.0: Activating ISA DMA hang workarounds
[    0.404354] pci 0000:00:02.0: Video device with shadowed ROM at [mem 0x000c0000-0x000dffff]
[    0.406421] Unpacking initramfs...
[    0.743434] Freeing initrd memory: 19528K
[    0.744614] PCI-DMA: Using software bounce buffering for IO (SWIOTLB)
[    0.746091] software IO TLB: mapped [mem 0xdbff0000-0xdfff0000] (64MB)
[    0.747672] clocksource: tsc: mask: 0xffffffffffffffff max_cycles: 0x26eaf8b7be4, max_idle_ns: 440795337120 ns
[    0.749981] platform rtc_cmos: registered platform RTC device (no PNP device found)
[    0.751811] Scanning for low memory corruption every 60 seconds
[    0.754295] Initialise system trusted keyrings
[    0.755455] Key type blacklist registered
[    0.756615] workingset: timestamp_bits=36 max_order=20 bucket_order=0
[    0.759444] zbud: loaded
[    0.762107] squashfs: version 4.0 (2009/01/31) Phillip Lougher
[    0.763816] fuse init (API version 7.26)
[    0.767628] Key type asymmetric registered
[    0.768640] Asymmetric key parser 'x509' registered
[    0.769856] Block layer SCSI generic (bsg) driver version 0.4 loaded (major 246)
[    0.771703] io scheduler noop registered
[    0.772664] io scheduler deadline registered
[    0.773734] io scheduler cfq registered (default)
[    0.775329] ACPI: AC Adapter [AC] (on-line)
[    0.776498] input: Power Button as /devices/LNXSYSTM:00/LNXPWRBN:00/input/input0
[    0.778356] ACPI: Power Button [PWRF]
[    0.779380] input: Sleep Button as /devices/LNXSYSTM:00/LNXSLPBN:00/input/input1
[    0.781335] ACPI: Sleep Button [SLPF]
[    0.782626] Serial: 8250/16550 driver, 32 ports, IRQ sharing enabled
[    0.805040] 00:02: ttyS0 at I/O 0x3f8 (irq = 4, base_baud = 115200) is a 16550A
[    0.810363] Linux agpgart interface v0.103
[    0.814393] loop: module loaded
[    0.815887] scsi host0: ata_piix
[    0.816975] scsi host1: ata_piix
[    0.817874] ata1: PATA max UDMA/33 cmd 0x1f0 ctl 0x3f6 bmdma 0xd000 irq 14
[    0.819493] ata2: PATA max UDMA/33 cmd 0x170 ctl 0x376 bmdma 0xd008 irq 15
[    0.821139] libphy: Fixed MDIO Bus: probed
[    0.822185] tun: Universal TUN/TAP device driver, 1.6
[    0.823529] PPP generic driver version 2.4.2
[    0.824761] ehci_hcd: USB 2.0 'Enhanced' Host Controller (EHCI) Driver
[    0.826290] ehci-pci: EHCI PCI platform driver
[    0.827387] ehci-platform: EHCI generic platform driver
[    0.828636] ohci_hcd: USB 1.1 'Open' Host Controller (OHCI) Driver
[    0.830081] ohci-pci: OHCI PCI platform driver
[    0.831160] ohci-platform: OHCI generic platform driver
[    0.832367] uhci_hcd: USB Universal Host Controller Interface driver
[    0.833924] i8042: PNP: PS/2 Controller [PNP0303:PS2K,PNP0f03:PS2M] at 0x60,0x64 irq 1,12
[    0.836289] serio: i8042 KBD port at 0x60,0x64 irq 1
[    0.837498] serio: i8042 AUX port at 0x60,0x64 irq 12
[    0.839081] mousedev: PS/2 mouse device common for all mice
[    0.843214] input: AT Translated Set 2 keyboard as /devices/platform/i8042/serio0/input/input2
[    0.844048] rtc_cmos rtc_cmos: rtc core: registered rtc_cmos as rtc0
[    0.847171] rtc_cmos rtc_cmos: alarms up to one day, 114 bytes nvram
[    0.849132] i2c /dev entries driver
[    0.850209] device-mapper: uevent: version 1.0.3
[    0.851300] device-mapper: ioctl: 4.37.0-ioctl (2017-09-20) initialised: dm-devel@redhat.com
[    0.853437] ledtrig-cpu: registered to indicate activity on CPUs
[    0.855472] NET: Registered protocol family 10
[    0.862380] Segment Routing with IPv6
[    0.863245] NET: Registered protocol family 17
[    0.864602] Key type dns_resolver registered
[    0.865907] mce: Using 0 MCE banks
[    0.866767] RAS: Correctable Errors collector initialized.
[    0.868152] sched_clock: Marking stable (865803153, 0)->(1167012161, -301209008)
[    0.870208] registered taskstats version 1
[    0.871198] Loading compiled-in X.509 certificates
[    0.875742] Loaded X.509 cert 'Build time autogenerated kernel key: bf5768e0b2369bd53acb56866ca104cf5a2c379b'
[    0.878827] Loaded X.509 cert 'Canonical Ltd. Live Patch Signing: 14df34d1a87cf37625abec039ef2bf521249b969'
[    0.881874] Loaded X.509 cert 'Canonical Ltd. Kernel Module Signing: 88f752e560a1e0737e31163a466ad7b70a850c19'
[    0.884001] zswap: loaded using pool lzo/zbud
[    0.892257] Key type big_key registered
[    0.893205] Key type trusted registered
[    0.896534] Key type encrypted registered
[    0.897566] AppArmor: AppArmor sha1 policy hashing enabled
[    0.898943] ima: No TPM chip found, activating TPM-bypass! (rc=-19)
[    0.900716] ima: Allocated hash algorithm: sha1
[    0.902144] evm: HMAC attrs: 0x1
[    0.903591]   Magic number: 9:372:105
[    0.905008] rtc_cmos rtc_cmos: setting system clock to 2021-10-29 01:08:24 UTC (1635469704)
[    0.907680] BIOS EDD facility v0.16 2004-Jun-25, 0 devices found
[    0.909034] EDD information not available.
[    1.007970] Freeing unused kernel image memory: 2448K
[    1.020073] Write protecting the kernel read-only data: 20480k
[    1.023008] Freeing unused kernel image memory: 2008K
[    1.025155] Freeing unused kernel image memory: 1824K
[    1.034810] x86/mm: Checked W+X mappings: passed, no W+X pages found.
[    1.036414] x86/mm: Checking user space page tables
[    1.045337] x86/mm: Checked W+X mappings: passed, no W+X pages found.
Loading, please wait...
starting version 237
[    1.152554] e1000: Intel(R) PRO/1000 Network Driver - version 7.3.21-k8-NAPI
[    1.154206] e1000: Copyright (c) 1999-2006 Intel Corporation.
[    1.155777] Fusion MPT base driver 3.04.20
[    1.156804] Copyright (c) 1999-2008 LSI Corporation
[    1.179801] Fusion MPT SPI Host driver 3.04.20
[    1.192540] AVX version of gcm_enc/dec engaged.
[    1.193650] AES CTR mode by8 optimization enabled
[    1.387632] input: ImExPS/2 Generic Explorer Mouse as /devices/platform/i8042/serio1/input/input4
[    1.555725] e1000 0000:00:03.0 eth0: (PCI:33MHz:32-bit) 02:2f:77:f1:0c:e0
[    1.557811] e1000 0000:00:03.0 eth0: Intel(R) PRO/1000 Network Connection
[    1.560932] mptbase: ioc0: Initiating bringup
[    1.656549] ioc0: LSI53C1030 A0: Capabilities={Initiator}
[    1.900747] scsi host2: ioc0: LSI53C1030 A0, FwRev=00000000h, Ports=1, MaxQ=256, IRQ=20
[    2.074021] scsi 2:0:0:0: Direct-Access     VBOX     HARDDISK         1.0  PQ: 0 ANSI: 5
[    2.440156] scsi target2:0:0: Beginning Domain Validation
[    2.448337] scsi target2:0:0: Domain Validation skipping write tests
[    2.452966] scsi target2:0:0: Ending Domain Validation
[    2.454489] scsi target2:0:0: asynchronous
[    2.458240] scsi 2:0:1:0: Direct-Access     VBOX     HARDDISK         1.0  PQ: 0 ANSI: 5
[    2.460737] e1000 0000:00:08.0 eth1: (PCI:33MHz:32-bit) 08:00:27:df:2b:26
[    2.462730] e1000 0000:00:08.0 eth1: Intel(R) PRO/1000 Network Connection
[    2.466393] e1000 0000:00:03.0 enp0s3: renamed from eth0
[    2.476227] e1000 0000:00:08.0 enp0s8: renamed from eth1
[    2.492035] scsi target2:0:1: Beginning Domain Validation
[    2.496611] random: fast init done
[    2.498468] scsi target2:0:1: Domain Validation skipping write tests
[    2.500548] scsi target2:0:1: Ending Domain Validation
[    2.501753] scsi target2:0:1: asynchronous
[    2.508460] random: systemd-udevd: uninitialized urandom read (16 bytes read)
[    2.508791] sd 2:0:0:0: [sda] 83886080 512-byte logical blocks: (42.9 GB/40.0 GiB)
[    2.510047] random: systemd-udevd: uninitialized urandom read (16 bytes read)
[    2.512015] sd 2:0:0:0: [sda] Write Protect is off
[    2.513370] random: systemd-udevd: uninitialized urandom read (16 bytes read)
[    2.515796] sd 2:0:0:0: Attached scsi generic sg0 type 0
[    2.517512] sd 2:0:0:0: [sda] Incomplete mode parameter data
[    2.518911] sd 2:0:0:0: [sda] Assuming drive cache: write through
[    2.520603] sd 2:0:1:0: Attached scsi generic sg1 type 0
[    2.522341] sd 2:0:1:0: [sdb] 20480 512-byte logical blocks: (10.5 MB/10.0 MiB)
[    2.524442] sd 2:0:1:0: [sdb] Write Protect is off
[    2.525938] sd 2:0:1:0: [sdb] Incomplete mode parameter data
[    2.527093] sd 2:0:1:0: [sdb] Assuming drive cache: write through
[    2.531321]  sda: sda1
[    2.533012] sd 2:0:0:0: [sda] Attached SCSI disk
[    2.562162] sd 2:0:1:0: [sdb] Attached SCSI disk
Begin: Loading essential drivers ... [    4.136061] raid6: sse2x1   gen()  7197 MB/s
[    4.184046] raid6: sse2x1   xor()  4953 MB/s
[    4.232045] raid6: sse2x2   gen()  9157 MB/s
[    4.280044] raid6: sse2x2   xor()  6224 MB/s
[    4.331874] raid6: sse2x4   gen() 11842 MB/s
[    4.380040] raid6: sse2x4   xor()  7319 MB/s
[    4.381014] raid6: using algorithm sse2x4 gen() 11842 MB/s
[    4.382366] raid6: .... xor() 7319 MB/s, rmw enabled
[    4.383518] raid6: using ssse3x2 recovery algorithm
[    4.389431] xor: automatically using best checksumming function   avx       
[    4.396495] async_tx: api initialized (async)
done.
Begin: Running /scripts/init-premount ... done.
Begin: Mounting root file system ... Begin: Running /scripts/local-top ... done.
Begin: Running /scripts/local-premount ... [    4.470468] Btrfs loaded, crc32c=crc32c-intel
Scanning for Btrfs filesystems
done.
Warning: fsck not present, so skipping root file system
[    4.544759] EXT4-fs (sda1): mounted filesystem with ordered data mode. Opts: (null)
done.
Begin: Running /scripts/local-bottom ... done.
Begin: Running /scripts/init-bottom ... done.
[    5.401170] ip_tables: (C) 2000-2006 Netfilter Core Team
[    5.474353] systemd[1]: systemd 237 running in system mode. (+PAM +AUDIT +SELINUX +IMA +APPARMOR +SMACK +SYSVINIT +UTMP +LIBCRYPTSETUP +GCRYPT +GNUTLS +ACL +XZ +LZ4 +SECCOMP +BLKID +ELFUTILS +KMOD -IDN2 +IDN -PCRE2 default-hierarchy=hybrid)
[    5.484894] systemd[1]: Detected virtualization oracle.
[    5.486188] systemd[1]: Detected architecture x86-64.

Welcome to [1mUbuntu 18.04.6 LTS[0m!

[    5.526819] systemd[1]: Set hostname to <ubuntu>.
[    5.563896] systemd[1]: Initializing machine ID from random generator.
[    5.566971] systemd[1]: Installed transient /etc/machine-id file.
[    7.066025] random: crng init done
[    7.067353] random: 7 urandom warning(s) missed due to ratelimiting
[    7.886058] systemd[1]: Set up automount Arbitrary Executable File Formats File System Automount Point.
[[0;32m  OK  [0m] Set up automount Arbitrary Executab…rmats File System Automount Point.
[    7.892103] systemd[1]: Started Forward Password Requests to Wall Directory Watch.
[[0;32m  OK  [0m] Started Forward Password Requests to Wall Directory Watch.
[    7.899512] systemd[1]: Created slice System Slice.
[[0;32m  OK  [0m] Created slice System Slice.
[    7.901712] systemd[1]: Listening on Journal Socket (/dev/log).
[[0;32m  OK  [0m] Listening on Journal Socket (/dev/log).
[[0;32m  OK  [0m] Listening on /dev/initctl Compatibility Named Pipe.
[[0;32m  OK  [0m] Listening on Journal Socket.
         Starting Uncomplicated firewall...
         Mounting POSIX Message Queue File System...
[[0;32m  OK  [0m] Listening on LVM2 metadata daemon socket.
[[0;32m  OK  [0m] Listening on Device-mapper event daemon FIFOs.
         Starting Set the console keyboard layout...
[[0;32m  OK  [0m] Listening on Network Service Netlink Socket.
[[0;32m  OK  [0m] Listening on udev Control Socket.
[[0;32m  OK  [0m] Listening on LVM2 poll daemon socket.
[[0;32m  OK  [0m] Created slice system-serial\x2dgetty.slice.
         Mounting Kernel Debug File System...
         Starting Create list of required st…ce nodes for the current kernel...
         Starting Monitoring of LVM2 mirrors…ng dmeventd or progress polling...
[[0;32m  OK  [0m] Reached target User and Group Name Lookups.
[[0;32m  OK  [0m] Created slice User and Session Slice.
[[0;32m  OK  [0m] Reached target Slices.
[[0;32m  OK  [0m] Reached target Swap.
[[0;32m  OK  [0m] Listening on fsck to fsckd communication Socket.
         Starting File System Check on Root Device...
[[0;32m  OK  [0m] Listening on Journal Audit Socket.
[[0;32m  OK  [0m] Listening on Syslog Socket.
         Starting Journal Service...
         Starting Load Kernel Modules...
[[0;32m  OK  [0m] Reached target System Time Synchronized.
[[0;32m  OK  [0m] Listening on udev Kernel Socket.
         Starting udev Coldplug all Devices...
         Mounting Huge Pages File System...
[[0;32m  OK  [0m] Started Journal Service.
[[0;32m  OK  [0m] Started Uncomplicated firewall.
[[0;32m  OK  [0m] Mounted POSIX Message Queue File System.
[[0;32m  OK  [0m] Mounted Kernel Debug File System.
[[0;32m  OK  [0m] Started File System Check Daemon to report status.
[[0;32m  OK  [0m] Mounted Huge Pages File System.
[[0;32m  OK  [0m] Started Create list of required sta…vice nodes for the current kernel.
         Starting Create Static Device Nodes in /dev...
[[0;32m  OK  [0m] Started File System Check on Root Device.
         Starting Remount Root and Kernel File Systems...
[[0;32m  OK  [0m] Started LVM2 metadata daemon.
[[0;32m  OK  [0m] Started Set the console keyboard layout.
[    8.649808] Loading iSCSI transport class v2.0-870.
[[0;32m  OK  [0m] Started udev Coldplug all Devices.
[[0;32m  OK  [0m] Started Create Static Device Nodes in /dev.
[    8.758879] iscsi: registered transport (tcp)
[    8.791855] EXT4-fs (sda1): re-mounted. Opts: (null)
[[0;32m  OK  [0m] Started Remount Root and Kernel File Systems.
         Starting Load/Save Random Seed...
[    8.820409] iscsi: registered transport (iser)
         Starting udev Kernel Device Manager...
         Starting Flush Journal to Persistent Storage...
[[0;32m  OK  [0m] Started Load Kernel Modules.
         Mounting Kernel Configuration File System...
         Mounting FUSE Control File System...
         Starting Apply Kernel Variables...
[[0;32m  OK  [0m] Mounted Kernel Configuration File System.
[[0;32m  OK  [0m] Mounted FUSE Control File System.
[[0;32m  OK  [0m] Started Load/Save Random Seed.
[[0;32m  OK  [0m] Started Monitoring of LVM2 mirrors,…sing dmeventd or progress polling.
[[0;32m  OK  [0m] Reached target Local File Systems (Pre).
[[0;32m  OK  [0m] Reached target Local File Systems.
         Starting Tell Plymouth To Write Out Runtime Data...
         Starting ebtables ruleset management...
         Starting Set console font and keymap...
         Starting AppArmor initialization...
         Starting Commit a transient machine-id on disk...
[    8.955868] systemd-journald[405]: Received request to flush runtime journal from PID 1
[[0;32m  OK  [0m] Started Tell Plymouth To Write Out Runtime Data.
[[0;32m  OK  [0m] Started Set console font and keymap.
[[0;32m  OK  [0m] Started Apply Kernel Variables.
[[0;32m  OK  [0m] Started Flush Journal to Persistent Storage.
         Starting Create Volatile Files and Directories...
[[0;32m  OK  [0m] Started Commit a transient machine-id on disk.
[[0;32m  OK  [0m] Started udev Kernel Device Manager.
[[0;32m  OK  [0m] Started Create Volatile Files and Directories.
         Starting Update UTMP about System Boot/Shutdown...
[[0;32m  OK  [0m] Started Dispatch Password Requests to Console Directory Watch.
[[0;32m  OK  [0m] Reached target Local Encrypted Volumes.
[[0;32m  OK  [0m] Started Update UTMP about System Boot/Shutdown.
[[0;32m  OK  [0m] Started ebtables ruleset management.
[[0;32m  OK  [0m] Found device /dev/ttyS0.
[[0;32m  OK  [0m] Listening on Load/Save RF Kill Switch Status /dev/rfkill Watch.
[[0;32m  OK  [0m] Started AppArmor initialization.
         Starting Load AppArmor profiles managed internally by snapd...
         Starting Initial cloud-init job (pre-networking)...
[[0;32m  OK  [0m] Started Load AppArmor profiles managed internally by snapd.
[   16.161629] cloud-init[558]: Cloud-init v. 21.2-3-g899bfaa9-0ubuntu2~18.04.1 running 'init-local' at Fri, 29 Oct 2021 01:08:39 +0000. Up 15.45 seconds.
[[0;32m  OK  [0m] Started Initial cloud-init job (pre-networking).
[[0;32m  OK  [0m] Reached target Network (Pre).
         Starting Network Service...
[[0;32m  OK  [0m] Started Network Service.
         Starting Network Name Resolution...
         Starting Wait for Network to be Configured...
[[0;32m  OK  [0m] Started Network Name Resolution.
[[0;32m  OK  [0m] Reached target Host and Network Name Lookups.
[[0;32m  OK  [0m] Reached target Network.
[[0;32m  OK  [0m] Started Wait for Network to be Configured.
         Starting Initial cloud-init job (metadata service crawler)...
[   18.800239] cloud-init[658]: Cloud-init v. 21.2-3-g899bfaa9-0ubuntu2~18.04.1 running 'init' at Fri, 29 Oct 2021 01:08:42 +0000. Up 18.59 seconds.
[   18.802211] cloud-init[658]: ci-info: ++++++++++++++++++++++++++++++++++++++Net device info++++++++++++++++++++++++++++++++++++++
[   18.803897] cloud-init[658]: ci-info: +--------+-------+---------------------------+---------------+--------+-------------------+
[   18.805173] cloud-init[658]: ci-info: | Device |   Up  |          Address          |      Mask     | Scope  |     Hw-Address    |
[   18.806376] cloud-init[658]: ci-info: +--------+-------+---------------------------+---------------+--------+-------------------+
[   18.808700] cloud-init[658]: ci-info: | enp0s3 |  True |         10.0.2.15         | 255.255.255.0 | global | 02:2f:77:f1:0c:e0 |
[   18.810660] cloud-init[658]: ci-info: | enp0s3 |  True | fe80::2f:77ff:fef1:ce0/64 |       .       |  link  | 02:2f:77:f1:0c:e0 |
[   18.812829] cloud-init[658]: ci-info: | enp0s8 | False |             .             |       .       |   .    | 08:00:27:df:2b:26 |
[   18.814814] cloud-init[658]: ci-info: |   lo   |  True |         127.0.0.1         |   255.0.0.0   |  host  |         .         |
[   18.816829] cloud-init[658]: ci-info: |   lo   |  True |          ::1/128          |       .       |  host  |         .         |
[   18.829921] cloud-init[658]: ci-info: +--------+-------+---------------------------+---------------+--------+-------------------+
[   18.831759] cloud-init[658]: ci-info: ++++++++++++++++++++++++++++Route IPv4 info+++++++++++++++++++++++++++++
[   18.833191] cloud-init[658]: ci-info: +-------+-------------+----------+-----------------+-----------+-------+
[   18.844232] cloud-init[658]: ci-info: | Route | Destination | Gateway  |     Genmask     | Interface | Flags |
[   18.846875] cloud-init[658]: ci-info: +-------+-------------+----------+-----------------+-----------+-------+
[   18.849317] cloud-init[658]: ci-info: |   0   |   0.0.0.0   | 10.0.2.2 |     0.0.0.0     |   enp0s3  |   UG  |
[   18.851178] cloud-init[658]: ci-info: |   1   |   10.0.2.0  | 0.0.0.0  |  255.255.255.0  |   enp0s3  |   U   |
[   18.852756] cloud-init[658]: ci-info: |   2   |   10.0.2.2  | 0.0.0.0  | 255.255.255.255 |   enp0s3  |   UH  |
[   18.854107] cloud-init[658]: ci-info: +-------+-------------+----------+-----------------+-----------+-------+
[   18.855200] cloud-init[658]: ci-info: +++++++++++++++++++Route IPv6 info+++++++++++++++++++
[   18.856410] cloud-init[658]: ci-info: +-------+-------------+---------+-----------+-------+
[   18.857524] cloud-init[658]: ci-info: | Route | Destination | Gateway | Interface | Flags |
[   18.868157] cloud-init[658]: ci-info: +-------+-------------+---------+-----------+-------+
[   18.868823] cloud-init[658]: ci-info: |   1   |  fe80::/64  |    ::   |   enp0s3  |   U   |
[   18.869929] cloud-init[658]: ci-info: |   3   |    local    |    ::   |   enp0s3  |   U   |
[   18.870750] cloud-init[658]: ci-info: |   4   |   ff00::/8  |    ::   |   enp0s3  |   U   |
[   18.871726] cloud-init[658]: ci-info: +-------+-------------+---------+-----------+-------+
[   21.553118] cloud-init[658]: Generating public/private rsa key pair.
[   21.554192] cloud-init[658]: Your identification has been saved in /etc/ssh/ssh_host_rsa_key.
[   21.555816] cloud-init[658]: Your public key has been saved in /etc/ssh/ssh_host_rsa_key.pub.
[   21.557233] cloud-init[658]: The key fingerprint is:
[   21.558134] cloud-init[658]: SHA256:/uuwGB8T6ZqZpffstg0/v8/t7QHGcEMXokK3VKr3/io root@ubuntu-bionic
[   21.559549] cloud-init[658]: The key's randomart image is:
[   21.560379] cloud-init[658]: +---[RSA 2048]----+
[   21.561116] cloud-init[658]: |         . o.+ o.|
[   21.561974] cloud-init[658]: |        . o = o  |
[   21.562739] cloud-init[658]: |         . = o   |
[   21.563453] cloud-init[658]: |         .o + .  |
[   21.564321] cloud-init[658]: |        S. . +   |
[   21.564942] cloud-init[658]: |       o .. o .  |
[   21.565808] cloud-init[658]: |      . B .  . . |
[   21.566469] cloud-init[658]: |       @.B.Eo  .+|
[   21.567195] cloud-init[658]: |      B.o=Oo+==*B|
[   21.567908] cloud-init[658]: +----[SHA256]-----+
[   21.568724] cloud-init[658]: Generating public/private dsa key pair.
[   21.569622] cloud-init[658]: Your identification has been saved in /etc/ssh/ssh_host_dsa_key.
[   21.570789] cloud-init[658]: Your public key has been saved in /etc/ssh/ssh_host_dsa_key.pub.
[   21.584266] cloud-init[658]: The key fingerprint is:
[   21.604177] cloud-init[658]: SHA256:zwbvTybLSMYPL62Ev3dNzl4GhFVVu8/ZGEqhShcAv70 root@ubuntu-bionic
[   21.605492] cloud-init[658]: The key's randomart image is:
[   21.606232] cloud-init[658]: +---[DSA 1024]----+
[   21.606890] cloud-init[658]: |      ...     ..*|
[   21.607722] cloud-init[658]: |       . .   o  .|
[   21.608557] cloud-init[658]: |        . . o .. |
[   21.609361] cloud-init[658]: |         o o o  .|
[   21.609916] cloud-init[658]: |        S + . o. |
[   21.610590] cloud-init[658]: |       + B o ..=+|
[   21.630921] [[0;32m  OK  [0m] Started Initial cloud-init job (metadata service crawler).
[[0;32m  OK  [0m] Reached target System Initialization.
cloud-init[658]: |      . B.E +=..*|
[   21.633738] cloud-init[658]: |       =.Oo=. +o |
[   21.634740] cloud-init[658]: |        ==*o...  |
[   21.635770] cloud-init[658]: +----[SHA256]-----+
[   21.636826] cloud-init[658]: Generating public/private ecdsa key pair.
[   21.638192] cloud-init[658]: Your identification has been saved in /etc/ssh/ssh_host_ecdsa_key.
[   21.639981] cloud-init[658]: Your public key has been saved in /etc/ssh/ssh_host_ecdsa_key.pub.
         Starting LXD - unix socket.
[   21.643150] [[0;32m  OK  [0m] Listening on ACPID Listen Socket.
[[0;32m  OK  [0m] Started Daily apt download activities.
[[0;32m  OK  [0m] Started Daily apt upgrade and clean activities.
[[0;32m  OK  [0m] Started Ubuntu Advantage update messaging.
[[0;32m  OK  [0m] Started Discard unused blocks once a week.
[[0;32m  OK  [0m] Listening on D-Bus System Message Bus Socket.
[[0;32m  OK  [0m] Started Daily Cleanup of Temporary Directories.
[[0;32m  OK  [0m] Listening on UUID daemon activation socket.
[[0;32m  OK  [0m] Started Message of the Day.
[[0;32m  OK  [0m] Reached target Timers.
         Starting Socket activation for snappy daemon.
[[0;32m  OK  [0m] Listening on Open-iSCSI iscsid Socket.
[[0;32m  OK  [0m] Started ACPI Events Check.
[[0;32m  OK  [0m] Reached target Paths.
[[0;32m  OK  [0m] Reached target Network is Online.
[[0;32m  OK  [0m] Reached target Remote File Systems (Pre).
[[0;32m  OK  [0m] Reached target Remote File Systems.
         Starting Availability of block devices...
[[0;32m  OK  [0m] Reached target Cloud-config availability.
[[0;32m  OK  [0m] Listening on LXD - unix socket.
[[0;32m  OK  [0m] Listening on Socket activation for snappy daemon.
[[0;32m  OK  [0m] Reached target Sockets.
[[0;32m  OK  [0m] Reached target Basic System.
cloud-init[658]: The key fingerprint is:
[   21.665222] cloud-init[658]: SHA256:cALXKUk0SlsCQXyUXMthE9JVEwiaBOfiwYY/dYW+tg4 root@ubuntu-bionic
[   21.667118] [cloud-init[0;32m  OK  [0m[658]: ] The key's randomart image is:Started FUSE filesystem for LXC.

[   21.668488]          Starting LSB: automatic crash report generation...
cloud-init[658]: +---[ECDSA 256]---+
[   21.669996] cloud-init[658]: | o=*O*&Bo++.     |
[   21.671175] cloud-init[658]: | o.=+&=*+  .     |
[[0;32m  OK  [0m] Started D-Bus System Message Bus.
[   21.673642] cloud-init[658]: |. =.B.*..        |
[   21.688220] cloud-init[658]: | + + ..+         |
[   21.689040] cloud-init[658]: |  +    .S        |
[   21.690046] cloud-init[658]: |   .  o          |
[   21.691038] cloud-init[658]: |    E. .         |
[   21.692119] cloud-init[658]: |     ..          |
[   21.704229] cloud-init[658]: |     ..          |
[   21.716282] cloud-init[658]: +----[SHA256]-----+
[   21.717676] cloud-init[658]: Generating public/private ed25519 key pair.
[   21.719597] cloud-init[658]: Your identification has been saved in /etc/ssh/ssh_host_ed25519_key.
[   21.722157] cloud-init[658]: Your public key has been saved in /etc/ssh/ssh_host_ed25519_key.pub.
[   21.725387] cloud-init[658]: The key fingerprint is:
[   21.728356] cloud-init[658]: SHA256:zyW3JpbGIvJvLuQuX35nYl6B42C5TnpAY6reQHbreFY root@ubuntu-bionic
[   21.729921] cloud-init[658]: The key's randomart image is:
[   21.740352] cloud-init[658]: +--[ED25519 256]--+
[   21.741748] cloud-init[658]: |                 |
[   21.743192] cloud-init[658]: |                 |
[   21.744585] cloud-init[658]: |                 |
[   21.745733] cloud-init[658]: |      +  . .     |
[   21.747074] cloud-init[658]: |  o .+ .S + +    |
[   21.760317] cloud-init[658]: | o ...E. B * o   |
[   21.772302] cloud-init[658]: |  ..o+..= X +    |
[   21.773188] cloud-init[658]: |  .=+ooBo+++o    |
[   21.775519] cloud-init[658]: | .ooo+=*=+.+     |
[   21.776922] cloud-init[658]: +----[SHA256]-----+
         Starting Permit User Sessions...
         Starting Login Service...
[[0;32m  OK  [0m] Started irqbalance daemon.
         Starting Virtualbox guest utils...
[[0;32m  OK  [0m] Started Deferred execution scheduler.
         Starting Pollinate to seed the pseudo random number generator...
         Starting System Logging Service...
[[0;32m  OK  [0m] Started Regular background program processing daemon.
         Starting LSB: Record successful boot for GRUB...
         Starting Snap Daemon...
         Starting Accounts Service...
         Starting Dispatcher daemon for systemd-networkd...
         Starting LXD - container startup/shutdown...
[[0;32m  OK  [0m] Started Availability of block devices.
[[0;32m  OK  [0m] Started Permit User Sessions.
         Starting Terminate Plymouth Boot Screen...
         Starting Hold until boot process finishes up...
[[0;32m  OK  [0m] Started Hold until boot process finishes up.
         Starting Set console scheme...
[[0;32m  OK  [0m] Started Serial Getty on ttyS0.
[[0;32m  OK  [0m] Started Terminate Plymouth Boot Screen.
[[0;32m  OK  [0m] Started Login Service.
[[0;32m  OK  [0m] Started Unattended Upgrades Shutdown.
[[0;32m  OK  [0m] Started Set console scheme.
[[0;32m  OK  [0m] Created slice system-getty.slice.
[[0;32m  OK  [0m] Started Getty on tty1.
[[0;32m  OK  [0m] Reached target Login Prompts.
[[0;32m  OK  [0m] Started LSB: automatic crash report generation.
[[0;32m  OK  [0m] Started LSB: Record successful boot for GRUB.
[[0;32m  OK  [0m] Started System Logging Service.
         Starting Authorization Manager...
[[0;32m  OK  [0m] Started Virtualbox guest utils.
[[0;32m  OK  [0m] Started Dispatcher daemon for systemd-networkd.
[[0;32m  OK  [0m] Started Authorization Manager.
[[0;32m  OK  [0m] Started Accounts Service.
[[0;32m  OK  [0m] Started LXD - container startup/shutdown.
[[0;32m  OK  [0m] Started Pollinate to seed the pseudo random number generator.
[[0;32m  OK  [0m] Started Snap Daemon.
         Starting Wait until snapd is fully seeded...
         Starting OpenBSD Secure Shell server...
[[0;32m  OK  [0m] Started OpenBSD Secure Shell server.

Ubuntu 18.04.6 LTS ubuntu-bionic ttyS0

ubuntu-bionic login: [   31.757468] cloud-init[1253]: Cloud-init v. 21.2-3-g899bfaa9-0ubuntu2~18.04.1 running 'modules:config' at Fri, 29 Oct 2021 01:08:52 +0000. Up 29.12 seconds.
ci-info: no authorized SSH keys fingerprints found for user ubuntu.
<14>Oct 29 01:08:56 cloud-init: #############################################################
<14>Oct 29 01:08:56 cloud-init: -----BEGIN SSH HOST KEY FINGERPRINTS-----
<14>Oct 29 01:08:56 cloud-init: 1024 SHA256:zwbvTybLSMYPL62Ev3dNzl4GhFVVu8/ZGEqhShcAv70 root@ubuntu-bionic (DSA)
<14>Oct 29 01:08:56 cloud-init: 256 SHA256:cALXKUk0SlsCQXyUXMthE9JVEwiaBOfiwYY/dYW+tg4 root@ubuntu-bionic (ECDSA)
<14>Oct 29 01:08:56 cloud-init: 256 SHA256:zyW3JpbGIvJvLuQuX35nYl6B42C5TnpAY6reQHbreFY root@ubuntu-bionic (ED25519)
<14>Oct 29 01:08:56 cloud-init: 2048 SHA256:/uuwGB8T6ZqZpffstg0/v8/t7QHGcEMXokK3VKr3/io root@ubuntu-bionic (RSA)
<14>Oct 29 01:08:56 cloud-init: -----END SSH HOST KEY FINGERPRINTS-----
<14>Oct 29 01:08:56 cloud-init: #############################################################
-----BEGIN SSH HOST KEY KEYS-----
ecdsa-sha2-nistp256 AAAAE2VjZHNhLXNoYTItbmlzdHAyNTYAAAAIbmlzdHAyNTYAAABBBHFgC2Wrt0AzQYHbSyKqQE1FpAPfewS0t5ejW1ig3QKn56yb/5JtOxTmtvVbiepZjKXCyH6NIwtsNp44wyoVofc= root@ubuntu-bionic
ssh-ed25519 AAAAC3NzaC1lZDI1NTE5AAAAICR2anb+HaQqL3oVlNvSGw9TcfAXYfmdsbW/EX8go66I root@ubuntu-bionic
ssh-rsa AAAAB3NzaC1yc2EAAAADAQABAAABAQD1ZiO4/lg7DMCpi2rkvZhOyx7WFmXc/E21zakO/CRpy1l09uBlAdzxxLE9qopxWE+HmpDzUGuTAZFrU8f01f5ThOrpt+h/PBwmO5FhDlRMJ6408VOYhn2lDejync+G/ebr/riDsfZrjk2gLDUjGUZqzdo2QvQQE8H9XOknMEBWftocIwK2zISP+HfJYhH60cY8es7CfiOaZ+Na9p2C/XkcAwG1jNh29Nsvq33i93IQdSnUl320yGwroGwJ2FciCwpqraPpF2B4jZyUGZ9X7CsEPoqfR8Pzb3bb8wLWowHakVbqomGc2xw4gmoGpYGVkmW8eXM74gYp5yYXVfkzGOEz root@ubuntu-bionic
-----END SSH HOST KEY KEYS-----
[   32.665710] cloud-init[1400]: Cloud-init v. 21.2-3-g899bfaa9-0ubuntu2~18.04.1 running 'modules:final' at Fri, 29 Oct 2021 01:08:55 +0000. Up 32.37 seconds.
[   32.665825] cloud-init[1400]: ci-info: no authorized SSH keys fingerprints found for user ubuntu.
[   32.666335] cloud-init[1400]: Cloud-init v. 21.2-3-g899bfaa9-0ubuntu2~18.04.1 finished at Fri, 29 Oct 2021 01:08:56 +0000. Datasource DataSourceNoCloud [seed=/dev/sdb][dsmode=net].  Up 32.64 seconds
